<?xml version="1.0" encoding="UTF-8"?>
<!-- Generated by org.testng.reporters.JUnitXMLReporter -->
<testsuite ignored="0" hostname="Yadav" failures="2" tests="5" name="Test" time="37.481" errors="0" timestamp="2024-10-28T07:11:49 IST">
  <testcase classname="testCases.TC02_LoginTestDDT" name="verify_LoginAccount" time="2.688"/>
  <testcase classname="testCases.TC02_LoginTestDDT" name="verify_LoginAccount" time="2.037">
    <failure type="java.lang.AssertionError" message="expected [true] but found [false]">
      <![CDATA[java.lang.AssertionError: expected [true] but found [false]
at testCases.TC02_LoginTestDDT.verify_LoginAccount(TC02_LoginTestDDT.java:53)
at java.base/java.util.ArrayList.forEach(ArrayList.java:1596)
... Removed 29 stack frames]]>
    </failure>
  </testcase> <!-- verify_LoginAccount -->
  <testcase classname="testCases.TC02_LoginTestDDT" name="verify_LoginAccount" time="2.195">
    <failure type="java.lang.AssertionError" message="expected [true] but found [false]">
      <![CDATA[java.lang.AssertionError: expected [true] but found [false]
at testCases.TC02_LoginTestDDT.verify_LoginAccount(TC02_LoginTestDDT.java:53)
at java.base/java.util.ArrayList.forEach(ArrayList.java:1596)
... Removed 29 stack frames]]>
    </failure>
  </testcase> <!-- verify_LoginAccount -->
  <testcase classname="testCases.TC02_LoginTestDDT" name="verify_LoginAccount" time="11.676"/>
  <testcase classname="testCases.TC02_LoginTestDDT" name="verify_LoginAccount" time="6.003"/>
</testsuite> <!-- Test -->
