<?xml version="1.0" encoding="UTF-8"?>
<testng-results ignored="0" total="1" passed="1" failed="0" skipped="0">
  <reporter-output>
  </reporter-output>
  <suite started-at="2024-10-27T10:27:27 IST" name="Suite" finished-at="2024-10-27T10:27:35 IST" duration-ms="8663">
    <groups>
    </groups>
    <test started-at="2024-10-27T10:27:27 IST" name="Test" finished-at="2024-10-27T10:27:35 IST" duration-ms="8663">
      <class name="testCases.TC01_RegistrationTest">
        <test-method is-config="true" signature="setUp(java.lang.String,java.lang.String)[pri:0, instance:testCases.TC01_RegistrationTest@71812481]" started-at="2024-10-27T10:27:27 IST" name="setUp" finished-at="2024-10-27T10:27:32 IST" duration-ms="5697" status="PASS">
          <params>
            <param index="0">
              <value>
                <![CDATA[windows]]>
              </value>
            </param>
            <param index="1">
              <value>
                <![CDATA[chrome]]>
              </value>
            </param>
          </params>
          <reporter-output>
          </reporter-output>
        </test-method> <!-- setUp -->
        <test-method signature="verify_acc_registration()[pri:0, instance:testCases.TC01_RegistrationTest@71812481]" started-at="2024-10-27T10:27:32 IST" name="verify_acc_registration" finished-at="2024-10-27T10:27:35 IST" duration-ms="2433" status="PASS">
          <reporter-output>
          </reporter-output>
        </test-method> <!-- verify_acc_registration -->
        <test-method is-config="true" signature="tearDown()[pri:0, instance:testCases.TC01_RegistrationTest@71812481]" started-at="2024-10-27T10:27:35 IST" name="tearDown" finished-at="2024-10-27T10:27:35 IST" duration-ms="476" status="PASS">
          <reporter-output>
          </reporter-output>
        </test-method> <!-- tearDown -->
      </class> <!-- testCases.TC01_RegistrationTest -->
    </test> <!-- Test -->
  </suite> <!-- Suite -->
</testng-results>
